Compiling the CXX compiler identification source file "CMakeCXXCompilerId.cpp" failed.
Compiler: /usr/bin/c++ 
Build flags: 
Id flags:  

The output was:
No such file or directory


Compiling the CXX compiler identification source file "CMakeCXXCompilerId.cpp" failed.
Compiler: /usr/bin/c++ 
Build flags: 
Id flags: -c 

The output was:
No such file or directory


Compiling the CXX compiler identification source file "CMakeCXXCompilerId.cpp" failed.
Compiler: /usr/bin/c++ 
Build flags: 
Id flags: --c++ 

The output was:
No such file or directory


Compiling the CXX compiler identification source file "CMakeCXXCompilerId.cpp" failed.
Compiler: /usr/bin/c++ 
Build flags: 
Id flags: --ec++ 

The output was:
No such file or directory


Compiling the CXX compiler identification source file "CMakeCXXCompilerId.cpp" failed.
Compiler: /usr/bin/c++ 
Build flags: 
Id flags:  

The output was:
No such file or directory


Compiling the CXX compiler identification source file "CMakeCXXCompilerId.cpp" failed.
Compiler: /usr/bin/c++ 
Build flags: 
Id flags: -c 

The output was:
No such file or directory


Compiling the CXX compiler identification source file "CMakeCXXCompilerId.cpp" failed.
Compiler: /usr/bin/c++ 
Build flags: 
Id flags: --c++ 

The output was:
No such file or directory


Compiling the CXX compiler identification source file "CMakeCXXCompilerId.cpp" failed.
Compiler: /usr/bin/c++ 
Build flags: 
Id flags: --ec++ 

The output was:
No such file or directory


Checking whether the CXX compiler is IAR using "" did not match "IAR .+ Compiler":
Checking whether the CXX compiler is IAR using "" did not match "IAR .+ Compiler":
Detecting C [-std=c11] compiler features failed to compile with the following output:
Change Dir: /mnt/c/Users/oigre/Desktop/TT1_2019_20/C_project/build/CMakeFiles/CMakeTmp

Run Build Command:"/usr/bin/make" "cmTC_976aa/fast"
/usr/bin/make -f CMakeFiles/cmTC_976aa.dir/build.make CMakeFiles/cmTC_976aa.dir/build
make[1]: Entering directory '/mnt/c/Users/oigre/Desktop/TT1_2019_20/C_project/build/CMakeFiles/CMakeTmp'
Building C object CMakeFiles/cmTC_976aa.dir/feature_tests.c.o
/usr/bin/c99-gcc   -fPIE   -std=c11 -o CMakeFiles/cmTC_976aa.dir/feature_tests.c.o   -c /mnt/c/Users/oigre/Desktop/TT1_2019_20/C_project/build/CMakeFiles/feature_tests.c
c99-gcc called with non ISO C99 option -std=c11
CMakeFiles/cmTC_976aa.dir/build.make:65: recipe for target 'CMakeFiles/cmTC_976aa.dir/feature_tests.c.o' failed
make[1]: *** [CMakeFiles/cmTC_976aa.dir/feature_tests.c.o] Error 1
make[1]: Leaving directory '/mnt/c/Users/oigre/Desktop/TT1_2019_20/C_project/build/CMakeFiles/CMakeTmp'
Makefile:126: recipe for target 'cmTC_976aa/fast' failed
make: *** [cmTC_976aa/fast] Error 2



Determining if the pthread_create exist failed with the following output:
Change Dir: /mnt/c/Users/oigre/Desktop/TT1_2019_20/C_project/build/CMakeFiles/CMakeTmp

Run Build Command:"/usr/bin/make" "cmTC_e5104/fast"
/usr/bin/make -f CMakeFiles/cmTC_e5104.dir/build.make CMakeFiles/cmTC_e5104.dir/build
make[1]: Entering directory '/mnt/c/Users/oigre/Desktop/TT1_2019_20/C_project/build/CMakeFiles/CMakeTmp'
Building C object CMakeFiles/cmTC_e5104.dir/CheckSymbolExists.c.o
/usr/bin/c99-gcc   -fPIE   -o CMakeFiles/cmTC_e5104.dir/CheckSymbolExists.c.o   -c /mnt/c/Users/oigre/Desktop/TT1_2019_20/C_project/build/CMakeFiles/CMakeTmp/CheckSymbolExists.c
Linking C executable cmTC_e5104
/usr/bin/cmake -E cmake_link_script CMakeFiles/cmTC_e5104.dir/link.txt --verbose=1
/usr/bin/c99-gcc      -rdynamic CMakeFiles/cmTC_e5104.dir/CheckSymbolExists.c.o  -o cmTC_e5104 
CMakeFiles/cmTC_e5104.dir/CheckSymbolExists.c.o: In function `main':
CheckSymbolExists.c:(.text+0x1b): undefined reference to `pthread_create'
collect2: error: ld returned 1 exit status
CMakeFiles/cmTC_e5104.dir/build.make:97: recipe for target 'cmTC_e5104' failed
make[1]: *** [cmTC_e5104] Error 1
make[1]: Leaving directory '/mnt/c/Users/oigre/Desktop/TT1_2019_20/C_project/build/CMakeFiles/CMakeTmp'
Makefile:126: recipe for target 'cmTC_e5104/fast' failed
make: *** [cmTC_e5104/fast] Error 2

File /mnt/c/Users/oigre/Desktop/TT1_2019_20/C_project/build/CMakeFiles/CMakeTmp/CheckSymbolExists.c:
/* */
#include <pthread.h>

int main(int argc, char** argv)
{
  (void)argv;
#ifndef pthread_create
  return ((int*)(&pthread_create))[argc];
#else
  (void)argc;
  return 0;
#endif
}

Determining if the function pthread_create exists in the pthreads failed with the following output:
Change Dir: /mnt/c/Users/oigre/Desktop/TT1_2019_20/C_project/build/CMakeFiles/CMakeTmp

Run Build Command:"/usr/bin/make" "cmTC_ae186/fast"
/usr/bin/make -f CMakeFiles/cmTC_ae186.dir/build.make CMakeFiles/cmTC_ae186.dir/build
make[1]: Entering directory '/mnt/c/Users/oigre/Desktop/TT1_2019_20/C_project/build/CMakeFiles/CMakeTmp'
Building C object CMakeFiles/cmTC_ae186.dir/CheckFunctionExists.c.o
/usr/bin/c99-gcc   -DCHECK_FUNCTION_EXISTS=pthread_create -fPIE   -o CMakeFiles/cmTC_ae186.dir/CheckFunctionExists.c.o   -c /usr/share/cmake-3.10/Modules/CheckFunctionExists.c
Linking C executable cmTC_ae186
/usr/bin/cmake -E cmake_link_script CMakeFiles/cmTC_ae186.dir/link.txt --verbose=1
/usr/bin/c99-gcc  -DCHECK_FUNCTION_EXISTS=pthread_create    -rdynamic CMakeFiles/cmTC_ae186.dir/CheckFunctionExists.c.o  -o cmTC_ae186 -lpthreads 
/usr/bin/ld: cannot find -lpthreads
collect2: error: ld returned 1 exit status
CMakeFiles/cmTC_ae186.dir/build.make:97: recipe for target 'cmTC_ae186' failed
make[1]: *** [cmTC_ae186] Error 1
make[1]: Leaving directory '/mnt/c/Users/oigre/Desktop/TT1_2019_20/C_project/build/CMakeFiles/CMakeTmp'
Makefile:126: recipe for target 'cmTC_ae186/fast' failed
make: *** [cmTC_ae186/fast] Error 2


